app/build/outputs/logs/manifest-merger-debug-report.txt
-- Merging decision tree log ---
manifest
ADDED from AndroidManifest.xml:2:1
	xmlns:android
		ADDED from AndroidManifest.xml:2:11
	package
		ADDED from AndroidManifest.xml:3:5
		INJECTED from AndroidManifest.xml:0:0
		INJECTED from AndroidManifest.xml:0:0
	android:versionName
		ADDED from AndroidManifest.xml:5:5
	android:versionCode
		ADDED from AndroidManifest.xml:4:5
		INJECTED from AndroidManifest.xml:0:0
		INJECTED from AndroidManifest.xml:0:0
	android:installLocation
		ADDED from AndroidManifest.xml:6:5
uses-permission#android.permission.WRITE_EXTERNAL_STORAGE
ADDED from AndroidManifest.xml:8:5
	android:name
		ADDED from AndroidManifest.xml:8:22
uses-permission#android.permission.INTERNET
ADDED from AndroidManifest.xml:9:5
	android:name
		ADDED from AndroidManifest.xml:9:22
uses-permission#android.permission.ACCESS_NETWORK_STATE
ADDED from AndroidManifest.xml:10:5
	android:name
		ADDED from AndroidManifest.xml:10:22
uses-sdk
ADDED from AndroidManifest.xml:12:5
MERGED from NoteShort:tess-two:unspecified:22:5
	android:targetSdkVersion
		ADDED from AndroidManifest.xml:13:12
		INJECTED from AndroidManifest.xml:0:0
		INJECTED from AndroidManifest.xml:0:0
	android:minSdkVersion
		ADDED from AndroidManifest.xml:12:15
		INJECTED from AndroidManifest.xml:0:0
		INJECTED from AndroidManifest.xml:0:0
uses-configuration
ADDED from AndroidManifest.xml:15:5
	android:reqNavigation
		ADDED from AndroidManifest.xml:18:21
	android:reqKeyboardType
		ADDED from AndroidManifest.xml:17:21
	android:reqHardKeyboard
		ADDED from AndroidManifest.xml:16:21
	android:reqFiveWayNav
		ADDED from AndroidManifest.xml:15:25
	android:reqTouchScreen
		ADDED from AndroidManifest.xml:19:21
uses-feature#android.hardware.touchscreen
ADDED from AndroidManifest.xml:21:5
	android:required
		ADDED from AndroidManifest.xml:22:15
	android:name
		ADDED from AndroidManifest.xml:21:19
uses-feature#android.hardware.camera
ADDED from AndroidManifest.xml:24:5
	android:required
		ADDED from AndroidManifest.xml:25:11
	android:name
		ADDED from AndroidManifest.xml:24:19
supports-screens
ADDED from AndroidManifest.xml:27:5
	android:largeScreens
		ADDED from AndroidManifest.xml:30:19
	android:anyDensity
		ADDED from AndroidManifest.xml:31:19
	android:normalScreens
		ADDED from AndroidManifest.xml:29:19
	android:smallScreens
		ADDED from AndroidManifest.xml:28:19
application
ADDED from AndroidManifest.xml:33:5
	android:label
		ADDED from AndroidManifest.xml:36:9
	android:allowBackup
		ADDED from AndroidManifest.xml:34:9
	android:icon
		ADDED from AndroidManifest.xml:35:9
	android:theme
		ADDED from AndroidManifest.xml:38:9
	android:name
		ADDED from AndroidManifest.xml:37:9
activity#com.matpergo.androcr.AndrOCR
ADDED from AndroidManifest.xml:40:9
	android:label
		ADDED from AndroidManifest.xml:42:13
	android:configChanges
		ADDED from AndroidManifest.xml:43:13
	android:name
		ADDED from AndroidManifest.xml:41:13
intent-filter#android.intent.action.MAIN+android.intent.category.LAUNCHER
ADDED from AndroidManifest.xml:44:13
action#android.intent.action.MAIN
ADDED from AndroidManifest.xml:45:17
	android:name
		ADDED from AndroidManifest.xml:45:25
category#android.intent.category.LAUNCHER
ADDED from AndroidManifest.xml:47:17
	android:name
		ADDED from AndroidManifest.xml:47:27
activity#com.matpergo.androcr.ShowImage
ADDED from AndroidManifest.xml:51:10
	android:label
		ADDED from AndroidManifest.xml:53:13
	android:configChanges
		ADDED from AndroidManifest.xml:54:13
	android:name
		ADDED from AndroidManifest.xml:52:13
activity#com.matpergo.androcr.UseText
ADDED from AndroidManifest.xml:57:10
	android:label
		ADDED from AndroidManifest.xml:59:13
	android:configChanges
		ADDED from AndroidManifest.xml:60:13
	android:name
		ADDED from AndroidManifest.xml:58:13
activity#com.matpergo.androcr.WebViewActivity
ADDED from AndroidManifest.xml:63:9
	android:label
		ADDED from AndroidManifest.xml:65:13
	android:name
		ADDED from AndroidManifest.xml:64:13
activity#com.matpergo.androcr.ImageViewActivity
ADDED from AndroidManifest.xml:68:9
	android:label
		ADDED from AndroidManifest.xml:70:9
	android:name
		ADDED from AndroidManifest.xml:69:9
activity#com.matpergo.androcr.CropImage
ADDED from AndroidManifest.xml:73:10
	android:label
		ADDED from AndroidManifest.xml:75:13
	android:configChanges
		ADDED from AndroidManifest.xml:76:13
	android:theme
		ADDED from AndroidManifest.xml:77:13
	android:name
		ADDED from AndroidManifest.xml:74:13
intent-filter#android.intent.action.SEND+android.intent.category.DEFAULT
ADDED from AndroidManifest.xml:78:13
	android:label
		ADDED from AndroidManifest.xml:78:28
action#android.intent.action.SEND
ADDED from AndroidManifest.xml:79:5
	android:name
		ADDED from AndroidManifest.xml:79:13
data
ADDED from AndroidManifest.xml:80:5
	android:mimeType
		ADDED from AndroidManifest.xml:80:11
category#android.intent.category.DEFAULT
ADDED from AndroidManifest.xml:81:5
	android:name
		ADDED from AndroidManifest.xml:81:15
intent-filter#android.intent.action.MEDIA_MOUNTED
ADDED from AndroidManifest.xml:85:9
action#android.intent.action.MEDIA_MOUNTED
ADDED from AndroidManifest.xml:86:6
	android:name
		ADDED from AndroidManifest.xml:86:14